================================================================================
Appcelerator Titanium Diagnostics Build Log
The contents of this file are useful to send to Appcelerator Support if
reporting an issue to help us understand your environment, build settings
and aid in debugging. Please attach this log to any issue that you report.
================================================================================

Starting build at 11/01/11 17:55

Build details:

   timestamp=07/21/11 09:36
   version=1.7.2
   githash=97c3689


Script arguments:
   /Library/Application Support/Titanium/mobilesdk/osx/1.7.2/iphone/builder.py
   simulator
   4.3
   /Users/zahangir/Documents/Titanium Studio Workspace/FarmersMarket
   com.utc.titaniumapns
   FarmersMarket
   universal
   iphone
   

Building from: /Library/Application Support/Titanium/mobilesdk/osx/1.7.2/iphone
Platform: Darwin Kernel Version 10.8.0: Tue Jun  7 16:33:36 PDT 2011; root:xnu-1504.15.3~1/RELEASE_I386

Xcode path is: /Developer


githash=97c3689, existing_git_hash=97c3689
writing contents of /Users/zahangir/Documents/Titanium Studio Workspace/FarmersMarket/build/iphone/project.xcconfig:

TI_VERSION=1.7.2
TI_SDK_DIR=/Library/Application Support/Titanium/mobilesdk/osx/$(TI_VERSION)/iphone
TI_APPID=com.utc.titaniumapns
OTHER_LDFLAGS[sdk=iphoneos*]=$(inherited) -weak_framework iAd
OTHER_LDFLAGS[sdk=iphonesimulator*]=$(inherited) -weak_framework iAd
#include "module"

old contents


Generated the following stylecode code:

<?xml version="1.0" encoding="UTF-8"?>
<!DOCTYPE plist PUBLIC "-//Apple//DTD PLIST 1.0//EN" "http://www.apple.com/DTDs/PropertyList-1.0.dtd">
<plist version="1.0">
	<dict>
		<key>classes</key>
		<dict>
<key>edit_market_listing</key>
<dict>
<key>forgot_password</key>
<dict>
<key>right</key>
<string>0</string>
<key>bottom</key>
<string>10</string>
<key>color</key>
<string>#5C2E16</string>
<key>top</key>
<string>10</string>
<key>height</key>
<string>auto</string>
<key>font</key>
<dict>
<key>fontSize</key>
<string>14</string>
</dict>
<key>textAlign</key>
<string>center</string>
<key>left</key>
<string>0</string>
</dict>
<key>text_field</key>
<dict>
<key>borderColor</key>
<string>#BBB</string>
<key>right</key>
<string>0</string>
<key>borderRadius</key>
<string>5</string>
<key>top</key>
<string>10</string>
<key>height</key>
<string>35</string>
<key>autocapitalization</key>
<string>false</string>
<key>font</key>
<dict>
<key>fontSize</key>
<string>14</string>
</dict>
<key>left</key>
<string>0</string>
</dict>
<key>label</key>
<dict>
<key>right</key>
<string>0</string>
<key>vertical-align</key>
<string>middle</string>
<key>color</key>
<string>#5C2E16</string>
<key>top</key>
<string>10</string>
<key>height</key>
<string>35</string>
<key>font</key>
<dict>
<key>fontWeight</key>
<string>normal</string>
<key>fontSize</key>
<string>14</string>
</dict>
<key>textAlign</key>
<string>left</string>
<key>left</key>
<string>0</string>
</dict>
</dict>
<key>search_market</key>
<dict>
</dict>
<key>pending_vendors</key>
<dict>
<key>label_medium</key>
<dict>
<key>right</key>
<string>0</string>
<key>color</key>
<string>#5C2E16</string>
<key>height</key>
<string>auto</string>
<key>font</key>
<dict>
<key>fontSize</key>
<string>14</string>
</dict>
<key>textAlign</key>
<string>left</string>
<key>left</key>
<string>10</string>
</dict>
<key>label_large</key>
<dict>
<key>right</key>
<string>0</string>
<key>color</key>
<string>#5C2E16</string>
<key>height</key>
<string>auto</string>
<key>font</key>
<dict>
<key>fontSize</key>
<string>16</string>
</dict>
<key>textAlign</key>
<string>left</string>
<key>left</key>
<string>10</string>
</dict>
<key>label_small</key>
<dict>
<key>right</key>
<string>0</string>
<key>color</key>
<string>#5C2E16</string>
<key>height</key>
<string>auto</string>
<key>font</key>
<dict>
<key>fontSize</key>
<string>12</string>
</dict>
<key>textAlign</key>
<string>left</string>
<key>left</key>
<string>10</string>
</dict>
<key>table_view</key>
<dict>
<key>right</key>
<string>10</string>
<key>bottom</key>
<string>0</string>
<key>top</key>
<string>0</string>
<key>minRowHeight</key>
<string>30</string>
<key>height</key>
<string>300</string>
<key>left</key>
<string>10</string>
</dict>
</dict>
<key>edit_vendor_listing</key>
<dict>
<key>forgot_password</key>
<dict>
<key>right</key>
<string>0</string>
<key>bottom</key>
<string>10</string>
<key>color</key>
<string>#5C2E16</string>
<key>top</key>
<string>10</string>
<key>height</key>
<string>auto</string>
<key>font</key>
<dict>
<key>fontSize</key>
<string>14</string>
</dict>
<key>textAlign</key>
<string>center</string>
<key>left</key>
<string>0</string>
</dict>
<key>text_field</key>
<dict>
<key>borderColor</key>
<string>#BBB</string>
<key>right</key>
<string>0</string>
<key>borderRadius</key>
<string>5</string>
<key>top</key>
<string>10</string>
<key>height</key>
<string>35</string>
<key>autocapitalization</key>
<string>false</string>
<key>font</key>
<dict>
<key>fontSize</key>
<string>14</string>
</dict>
<key>left</key>
<string>0</string>
</dict>
<key>label</key>
<dict>
<key>right</key>
<string>0</string>
<key>vertical-align</key>
<string>middle</string>
<key>color</key>
<string>#5C2E16</string>
<key>top</key>
<string>10</string>
<key>height</key>
<string>35</string>
<key>font</key>
<dict>
<key>fontWeight</key>
<string>normal</string>
<key>fontSize</key>
<string>14</string>
</dict>
<key>textAlign</key>
<string>left</string>
<key>left</key>
<string>0</string>
</dict>
</dict>
<key>signin</key>
<dict>
<key>header_label</key>
<dict>
<key>right</key>
<string>0</string>
<key>color</key>
<string>#5C2E16</string>
<key>top</key>
<string>5</string>
<key>height</key>
<string>auto</string>
<key>font</key>
<dict>
<key>fontWeight</key>
<string>normal</string>
<key>fontSize</key>
<string>20</string>
</dict>
<key>textAlign</key>
<string>center</string>
<key>left</key>
<string>0</string>
</dict>
<key>forgot_password</key>
<dict>
<key>right</key>
<string>0</string>
<key>bottom</key>
<string>10</string>
<key>color</key>
<string>#5C2E16</string>
<key>top</key>
<string>10</string>
<key>height</key>
<string>auto</string>
<key>font</key>
<dict>
<key>fontSize</key>
<string>14</string>
</dict>
<key>textAlign</key>
<string>center</string>
<key>left</key>
<string>0</string>
</dict>
<key>text_field</key>
<dict>
<key>borderColor</key>
<string>#BBB</string>
<key>right</key>
<string>30</string>
<key>borderRadius</key>
<string>5</string>
<key>top</key>
<string>10</string>
<key>height</key>
<string>35</string>
<key>autocapitalization</key>
<string>false</string>
<key>font</key>
<dict>
<key>fontSize</key>
<string>14</string>
</dict>
<key>left</key>
<string>30</string>
</dict>
</dict>
<key>market_detail</key>
<dict>
<key>label_medium</key>
<dict>
<key>right</key>
<string>0</string>
<key>color</key>
<string>#5C2E16</string>
<key>height</key>
<string>auto</string>
<key>font</key>
<dict>
<key>fontSize</key>
<string>14</string>
</dict>
<key>textAlign</key>
<string>left</string>
<key>left</key>
<string>0</string>
</dict>
<key>label_large</key>
<dict>
<key>right</key>
<string>0</string>
<key>color</key>
<string>#5C2E16</string>
<key>height</key>
<string>auto</string>
<key>font</key>
<dict>
<key>fontWeight</key>
<string>bold</string>
<key>fontSize</key>
<string>16</string>
</dict>
<key>textAlign</key>
<string>left</string>
<key>left</key>
<string>0</string>
</dict>
<key>btn_addtofav</key>
<dict>
<key>width</key>
<string>182</string>
<key>image</key>
<string>/images/IA_FarmersMarket_App_addfavoritebutton.png</string>
<key>top</key>
<string>5</string>
<key>height</key>
<string>40</string>
</dict>
<key>label_small</key>
<dict>
<key>right</key>
<string>0</string>
<key>color</key>
<string>#5C2E16</string>
<key>height</key>
<string>auto</string>
<key>font</key>
<dict>
<key>fontSize</key>
<string>12</string>
</dict>
<key>textAlign</key>
<string>left</string>
<key>left</key>
<string>0</string>
</dict>
<key>table_view</key>
<dict>
<key>right</key>
<string>10</string>
<key>bottom</key>
<string>0</string>
<key>top</key>
<string>0</string>
<key>minRowHeight</key>
<string>30</string>
<key>height</key>
<string>300</string>
<key>left</key>
<string>10</string>
</dict>
</dict>
<key>vendor_detail</key>
<dict>
<key>label_medium</key>
<dict>
<key>right</key>
<string>0</string>
<key>color</key>
<string>#5C2E16</string>
<key>height</key>
<string>auto</string>
<key>font</key>
<dict>
<key>fontSize</key>
<string>14</string>
</dict>
<key>textAlign</key>
<string>left</string>
<key>left</key>
<string>0</string>
</dict>
<key>label_large</key>
<dict>
<key>right</key>
<string>0</string>
<key>color</key>
<string>#5C2E16</string>
<key>height</key>
<string>auto</string>
<key>font</key>
<dict>
<key>fontSize</key>
<string>16</string>
</dict>
<key>textAlign</key>
<string>left</string>
<key>left</key>
<string>0</string>
</dict>
<key>btn_addtofav</key>
<dict>
<key>width</key>
<string>182</string>
<key>image</key>
<string>/images/IA_FarmersMarket_App_addfavoritebutton.png</string>
<key>top</key>
<string>5</string>
<key>height</key>
<string>40</string>
</dict>
<key>label_small</key>
<dict>
<key>right</key>
<string>0</string>
<key>color</key>
<string>#5C2E16</string>
<key>height</key>
<string>auto</string>
<key>font</key>
<dict>
<key>fontSize</key>
<string>12</string>
</dict>
<key>textAlign</key>
<string>left</string>
<key>left</key>
<string>0</string>
</dict>
<key>table_view</key>
<dict>
<key>right</key>
<string>10</string>
<key>bottom</key>
<string>0</string>
<key>top</key>
<string>0</string>
<key>minRowHeight</key>
<string>30</string>
<key>height</key>
<string>300</string>
<key>left</key>
<string>10</string>
</dict>
</dict>
<key>create_account</key>
<dict>
<key>forgot_password</key>
<dict>
<key>right</key>
<string>0</string>
<key>bottom</key>
<string>10</string>
<key>color</key>
<string>#5C2E16</string>
<key>top</key>
<string>10</string>
<key>height</key>
<string>auto</string>
<key>font</key>
<dict>
<key>fontSize</key>
<string>14</string>
</dict>
<key>textAlign</key>
<string>center</string>
<key>left</key>
<string>0</string>
</dict>
<key>text_field</key>
<dict>
<key>borderColor</key>
<string>#BBB</string>
<key>right</key>
<string>0</string>
<key>borderRadius</key>
<string>5</string>
<key>top</key>
<string>10</string>
<key>height</key>
<string>35</string>
<key>autocapitalization</key>
<string>false</string>
<key>font</key>
<dict>
<key>fontSize</key>
<string>14</string>
</dict>
<key>left</key>
<string>0</string>
</dict>
<key>label</key>
<dict>
<key>right</key>
<string>0</string>
<key>vertical-align</key>
<string>middle</string>
<key>color</key>
<string>#5C2E16</string>
<key>top</key>
<string>10</string>
<key>height</key>
<string>35</string>
<key>font</key>
<dict>
<key>fontWeight</key>
<string>normal</string>
<key>fontSize</key>
<string>14</string>
</dict>
<key>textAlign</key>
<string>left</string>
<key>left</key>
<string>0</string>
</dict>
</dict>
</dict>

		<key>classes_density</key>
		<dict>
<key>edit_market_listing</key>
<dict>
</dict>
<key>search_market</key>
<dict>
</dict>
<key>pending_vendors</key>
<dict>
</dict>
<key>edit_vendor_listing</key>
<dict>
</dict>
<key>signin</key>
<dict>
</dict>
<key>market_detail</key>
<dict>
</dict>
<key>vendor_detail</key>
<dict>
</dict>
<key>create_account</key>
<dict>
</dict>
</dict>

		<key>ids</key>
		<dict>
<key>edit_market_listing</key>
<dict>
</dict>
<key>search_market</key>
<dict>
</dict>
<key>pending_vendors</key>
<dict>
</dict>
<key>edit_vendor_listing</key>
<dict>
</dict>
<key>signin</key>
<dict>
</dict>
<key>market_detail</key>
<dict>
</dict>
<key>vendor_detail</key>
<dict>
</dict>
<key>create_account</key>
<dict>
</dict>
</dict>

		<key>ids_density</key>
		<dict>
<key>edit_market_listing</key>
<dict>
</dict>
<key>search_market</key>
<dict>
</dict>
<key>pending_vendors</key>
<dict>
</dict>
<key>edit_vendor_listing</key>
<dict>
</dict>
<key>signin</key>
<dict>
</dict>
<key>market_detail</key>
<dict>
</dict>
<key>vendor_detail</key>
<dict>
</dict>
<key>create_account</key>
<dict>
</dict>
</dict>

		<key>tags</key>
		<dict>
<key>edit_market_listing</key>
<dict>
</dict>
<key>search_market</key>
<dict>
</dict>
<key>pending_vendors</key>
<dict>
</dict>
<key>edit_vendor_listing</key>
<dict>
</dict>
<key>signin</key>
<dict>
</dict>
<key>market_detail</key>
<dict>
</dict>
<key>vendor_detail</key>
<dict>
</dict>
<key>create_account</key>
<dict>
</dict>
</dict>

		<key>tags_density</key>
		<dict>
<key>edit_market_listing</key>
<dict>
</dict>
<key>search_market</key>
<dict>
</dict>
<key>pending_vendors</key>
<dict>
</dict>
<key>edit_vendor_listing</key>
<dict>
</dict>
<key>signin</key>
<dict>
</dict>
<key>market_detail</key>
<dict>
</dict>
<key>vendor_detail</key>
<dict>
</dict>
<key>create_account</key>
<dict>
</dict>
</dict>

	</dict>
</plist>
Finishing build
